<?xml version="1.0" encoding="UTF-8" ?>
<testsuite tests="3" failures="0" name="com.mycompany.swingfront.TestAreaTriangulo" time="0.014" errors="0" skipped="0">
  <properties>
[...]
</properties>
  <testcase classname="com.mycompany.swingfront.TestAreaTriangulo" name="testAreaCero" time="0.013"/>
  <testcase classname="com.mycompany.swingfront.TestAreaTriangulo" name="testAreapositiva" time="0"/>
  <testcase classname="com.mycompany.swingfront.TestAreaTriangulo" name="testNegativo" time="0.001"/>
</testsuite>